<?xml version="1.0" encoding="UTF-8"?>
<testsuite name="com.example.Pro3DModels.Pro3DModelsApplicationTests" tests="1" skipped="0" failures="0" errors="0" timestamp="2024-06-09T21:47:04" hostname="DESKTOP-BGSJ3GE" time="0.476">
  <properties/>
  <testcase name="contextLoads()" classname="com.example.Pro3DModels.Pro3DModelsApplicationTests" time="0.476"/>
  <system-out><![CDATA[02:47:00.170 [Test worker] INFO org.springframework.test.context.support.AnnotationConfigContextLoaderUtils -- Could not detect default configuration classes for test class [com.example.Pro3DModels.Pro3DModelsApplicationTests]: Pro3DModelsApplicationTests does not declare any static, non-private, non-final, nested classes annotated with @Configuration.
02:47:00.273 [Test worker] INFO org.springframework.boot.test.context.SpringBootTestContextBootstrapper -- Found @SpringBootConfiguration com.example.Pro3DModels.Pro3DModelsApplication for test class com.example.Pro3DModels.Pro3DModelsApplicationTests
  .   ____          _            __ _ _
 /\\ / ___'_ __ _ _(_)_ __  __ _ \ \ \ \
( ( )\___ | '_ | '_| | '_ \/ _` | \ \ \ \
 \\/  ___)| |_)| | | | | || (_| |  ) ) ) )
  '  |____| .__|_| |_|_| |_\__, | / / / /
 =========|_|==============|___/=/_/_/_/

 :: Spring Boot ::                (v3.3.0)

2024-06-10T02:47:00.704+05:00  INFO 25440 --- [    Test worker] c.e.P.Pro3DModelsApplicationTests        : Starting Pro3DModelsApplicationTests using Java 17.0.9 with PID 25440 (started by Yerkebulan in E:\IntellijProject\Pro3DModels)
2024-06-10T02:47:00.706+05:00  INFO 25440 --- [    Test worker] c.e.P.Pro3DModelsApplicationTests        : No active profile set, falling back to 1 default profile: "default"
2024-06-10T02:47:01.391+05:00  INFO 25440 --- [    Test worker] .s.d.r.c.RepositoryConfigurationDelegate : Bootstrapping Spring Data JPA repositories in DEFAULT mode.
2024-06-10T02:47:01.445+05:00  INFO 25440 --- [    Test worker] .s.d.r.c.RepositoryConfigurationDelegate : Finished Spring Data repository scanning in 46 ms. Found 2 JPA repository interfaces.
2024-06-10T02:47:01.873+05:00  INFO 25440 --- [    Test worker] o.hibernate.jpa.internal.util.LogHelper  : HHH000204: Processing PersistenceUnitInfo [name: default]
2024-06-10T02:47:01.954+05:00  INFO 25440 --- [    Test worker] org.hibernate.Version                    : HHH000412: Hibernate ORM core version 6.5.2.Final
2024-06-10T02:47:01.997+05:00  INFO 25440 --- [    Test worker] o.h.c.internal.RegionFactoryInitiator    : HHH000026: Second-level cache disabled
2024-06-10T02:47:02.314+05:00  INFO 25440 --- [    Test worker] o.s.o.j.p.SpringPersistenceUnitInfo      : No LoadTimeWeaver setup: ignoring JPA class transformer
2024-06-10T02:47:02.343+05:00  INFO 25440 --- [    Test worker] com.zaxxer.hikari.HikariDataSource       : HikariPool-1 - Starting...
2024-06-10T02:47:02.617+05:00  INFO 25440 --- [    Test worker] com.zaxxer.hikari.pool.HikariPool        : HikariPool-1 - Added connection org.postgresql.jdbc.PgConnection@7a1ddbf1
2024-06-10T02:47:02.619+05:00  INFO 25440 --- [    Test worker] com.zaxxer.hikari.HikariDataSource       : HikariPool-1 - Start completed.
2024-06-10T02:47:02.652+05:00  WARN 25440 --- [    Test worker] org.hibernate.orm.deprecation            : HHH90000025: PostgreSQLDialect does not need to be specified explicitly using 'hibernate.dialect' (remove the property setting and it will be selected by default)
2024-06-10T02:47:03.357+05:00  INFO 25440 --- [    Test worker] o.h.e.t.j.p.i.JtaPlatformInitiator       : HHH000489: No JTA platform available (set 'hibernate.transaction.jta.platform' to enable JTA platform integration)
2024-06-10T02:47:03.427+05:00  INFO 25440 --- [    Test worker] j.LocalContainerEntityManagerFactoryBean : Initialized JPA EntityManagerFactory for persistence unit 'default'
2024-06-10T02:47:04.283+05:00  WARN 25440 --- [    Test worker] JpaBaseConfiguration$JpaWebConfiguration : spring.jpa.open-in-view is enabled by default. Therefore, database queries may be performed during view rendering. Explicitly configure spring.jpa.open-in-view to disable this warning
2024-06-10T02:47:04.711+05:00  INFO 25440 --- [    Test worker] c.e.P.Pro3DModelsApplicationTests        : Started Pro3DModelsApplicationTests in 4.28 seconds (process running for 5.386)
]]></system-out>
  <system-err><![CDATA[]]></system-err>
</testsuite>
